Traceback (most recent call last):
  File "/opt/homebrew/Caskroom/miniforge/base/envs/iben_env/lib/python3.9/site-packages/jupyter_cache/executors/utils.py", line 51, in single_nb_execution
    executenb(
  File "/opt/homebrew/Caskroom/miniforge/base/envs/iben_env/lib/python3.9/site-packages/nbclient/client.py", line 1093, in execute
    return NotebookClient(nb=nb, resources=resources, km=km, **kwargs).execute()
  File "/opt/homebrew/Caskroom/miniforge/base/envs/iben_env/lib/python3.9/site-packages/nbclient/util.py", line 84, in wrapped
    return just_run(coro(*args, **kwargs))
  File "/opt/homebrew/Caskroom/miniforge/base/envs/iben_env/lib/python3.9/site-packages/nbclient/util.py", line 62, in just_run
    return loop.run_until_complete(coro)
  File "/opt/homebrew/Caskroom/miniforge/base/envs/iben_env/lib/python3.9/asyncio/base_events.py", line 642, in run_until_complete
    return future.result()
  File "/opt/homebrew/Caskroom/miniforge/base/envs/iben_env/lib/python3.9/site-packages/nbclient/client.py", line 559, in async_execute
    await self.async_execute_cell(
  File "/opt/homebrew/Caskroom/miniforge/base/envs/iben_env/lib/python3.9/site-packages/nbclient/client.py", line 854, in async_execute_cell
    self._check_raise_for_error(cell, exec_reply)
  File "/opt/homebrew/Caskroom/miniforge/base/envs/iben_env/lib/python3.9/site-packages/nbclient/client.py", line 756, in _check_raise_for_error
    raise CellExecutionError.from_cell_and_msg(cell, exec_reply_content)
nbclient.exceptions.CellExecutionError: An error occurred while executing the following cell:
------------------
g1 = lambda x: x - x**3 - 4*x**2 + 10
g3 = lambda x: 0.5 * np.sqrt(10 - x**3)
g4 = lambda x: np.sqrt(10/(4+x))
g5 = lambda x: x - ((x**3 + 4*x**2 - 10)/(3*x**2 + 8*x))

iterasi_fixed_point(g1, 1)
------------------

[0;31m---------------------------------------------------------------------------[0m
[0;31mOverflowError[0m                             Traceback (most recent call last)
[0;32m/var/folders/d8/_nrt2sy9567f87n08gxx0xc00000gn/T/ipykernel_4050/3585757220.py[0m in [0;36m<module>[0;34m[0m
[1;32m      4[0m [0mg5[0m [0;34m=[0m [0;32mlambda[0m [0mx[0m[0;34m:[0m [0mx[0m [0;34m-[0m [0;34m([0m[0;34m([0m[0mx[0m[0;34m**[0m[0;36m3[0m [0;34m+[0m [0;36m4[0m[0;34m*[0m[0mx[0m[0;34m**[0m[0;36m2[0m [0;34m-[0m [0;36m10[0m[0;34m)[0m[0;34m/[0m[0;34m([0m[0;36m3[0m[0;34m*[0m[0mx[0m[0;34m**[0m[0;36m2[0m [0;34m+[0m [0;36m8[0m[0;34m*[0m[0mx[0m[0;34m)[0m[0;34m)[0m[0;34m[0m[0;34m[0m[0m
[1;32m      5[0m [0;34m[0m[0m
[0;32m----> 6[0;31m [0miterasi_fixed_point[0m[0;34m([0m[0mg1[0m[0;34m,[0m [0;36m1[0m[0;34m)[0m[0;34m[0m[0;34m[0m[0m
[0m
[0;32m/var/folders/d8/_nrt2sy9567f87n08gxx0xc00000gn/T/ipykernel_4050/1089591089.py[0m in [0;36miterasi_fixed_point[0;34m(func, p0, N, epsilon)[0m
[1;32m      7[0m         [0;32mif[0m [0;34m([0m[0mnp[0m[0;34m.[0m[0mabs[0m[0;34m([0m[0mp[0m[0;34m-[0m[0mp0[0m[0;34m)[0m [0;34m<[0m [0mepsilon[0m[0;34m)[0m[0;34m:[0m[0;34m[0m[0;34m[0m[0m
[1;32m      8[0m             [0;32mbreak[0m[0;34m[0m[0;34m[0m[0m
[0;32m----> 9[0;31m         [0mprint[0m[0;34m([0m[0;34m'{:8.4f}\t{:10.4f}\t{:10.4f}\t'[0m[0;34m.[0m[0mformat[0m[0;34m([0m[0mp[0m[0;34m,[0m [0mg[0m[0;34m([0m[0mp[0m[0;34m)[0m[0;34m,[0m [0mnp[0m[0;34m.[0m[0mabs[0m[0;34m([0m[0mp[0m[0;34m-[0m[0mp0[0m[0;34m)[0m[0;34m)[0m[0;34m)[0m[0;34m[0m[0;34m[0m[0m
[0m[1;32m     10[0m         [0mp0[0m [0;34m=[0m [0mp[0m[0;34m[0m[0;34m[0m[0m
[1;32m     11[0m     [0;32mreturn[0m [0mp[0m[0;34m[0m[0;34m[0m[0m

[0;31mOverflowError[0m: int too large to convert to float
OverflowError: int too large to convert to float

